==250914== Memcheck, a memory error detector
==250914== Copyright (C) 2002-2017, and GNU GPL'd, by Julian Seward et al.
==250914== Using Valgrind-3.18.1 and LibVEX; rerun with -h for copyright info
==250914== Command: ./minishell
==250914== Parent PID: 250741
==250914== 
==219333== 
==219333== Process terminating with default action of signal 1 (SIGHUP)
==219333==    at 0x490975B: kill (syscall-template.S:120)
==219333==    by 0x48A6F39: _rl_signal_handler (in /usr/lib/x86_64-linux-gnu/libreadline.so.8.1)
==219333==    by 0x48A35ED: rl_cleanup_after_signal (in /usr/lib/x86_64-linux-gnu/libreadline.so.8.1)
==219333==    by 0x48A6F9B: _rl_signal_handler (in /usr/lib/x86_64-linux-gnu/libreadline.so.8.1)
==219333==    by 0x48A742E: rl_read_key (in /usr/lib/x86_64-linux-gnu/libreadline.so.8.1)
==219333==    by 0x488BC86: readline_internal_char (in /usr/lib/x86_64-linux-gnu/libreadline.so.8.1)
==219333==    by 0x4894D14: readline (in /usr/lib/x86_64-linux-gnu/libreadline.so.8.1)
==219333==    by 0x404FE6: main (test.c:16)
==219333== 
==219333== HEAP SUMMARY:
==219333==     in use at exit: 222,313 bytes in 549 blocks
==219333==   total heap usage: 790 allocs, 241 frees, 237,746 bytes allocated
==219333== 
==219333== 14 bytes in 4 blocks are definitely lost in loss record 10 of 88
==219333==    at 0x4848899: malloc (in /usr/libexec/valgrind/vgpreload_memcheck-amd64-linux.so)
==219333==    by 0x407AF1: ft_strjoin (in /home/beysonme/Desktop/buradabidursun/minishell)
==219333==    by 0x402E06: append_segment (utils.c:44)
==219333==    by 0x401A2E: parse_and_append_segment (token.c:75)
==219333==    by 0x401849: handle_word (token.c:88)
==219333==    by 0x4015BF: process_token (token.c:110)
==219333==    by 0x40150F: tokenize (token.c:133)
==219333==    by 0x401AE4: lex_and_validate (parser.c:56)
==219333==    by 0x401A54: parse_input (parser.c:73)
==219333==    by 0x40502A: main (test.c:25)
==219333== 
==219333== 24 bytes in 1 blocks are possibly lost in loss record 17 of 88
==219333==    at 0x4848899: malloc (in /usr/libexec/valgrind/vgpreload_memcheck-amd64-linux.so)
==219333==    by 0x49E6F9E: tsearch (tsearch.c:337)
==219333==    by 0x490C06A: __add_to_environ (setenv.c:233)
==219333==    by 0x48543FF: setenv (in /usr/libexec/valgrind/vgpreload_memcheck-amd64-linux.so)
==219333==    by 0x48A6AF7: _rl_get_screen_size (in /usr/lib/x86_64-linux-gnu/libreadline.so.8.1)
==219333==    by 0x4899AB8: ??? (in /usr/lib/x86_64-linux-gnu/libreadline.so.8.1)
==219333==    by 0x4899E0D: rl_expand_prompt (in /usr/lib/x86_64-linux-gnu/libreadline.so.8.1)
==219333==    by 0x48891BF: rl_set_prompt (in /usr/lib/x86_64-linux-gnu/libreadline.so.8.1)
==219333==    by 0x4894CCF: readline (in /usr/lib/x86_64-linux-gnu/libreadline.so.8.1)
==219333==    by 0x404FE6: main (test.c:16)
==219333== 
==219333== 43 bytes in 5 blocks are possibly lost in loss record 22 of 88
==219333==    at 0x4848899: malloc (in /usr/libexec/valgrind/vgpreload_memcheck-amd64-linux.so)
==219333==    by 0x490C03F: __add_to_environ (setenv.c:217)
==219333==    by 0x48543FF: setenv (in /usr/libexec/valgrind/vgpreload_memcheck-amd64-linux.so)
==219333==    by 0x48AC005: sh_set_lines_and_columns (in /usr/lib/x86_64-linux-gnu/libreadline.so.8.1)
==219333==    by 0x48A6AF7: _rl_get_screen_size (in /usr/lib/x86_64-linux-gnu/libreadline.so.8.1)
==219333==    by 0x48A6DD2: rl_resize_terminal (in /usr/lib/x86_64-linux-gnu/libreadline.so.8.1)
==219333==    by 0x48A6F77: _rl_signal_handler (in /usr/lib/x86_64-linux-gnu/libreadline.so.8.1)
==219333==    by 0x48A7BEC: rl_getc (in /usr/lib/x86_64-linux-gnu/libreadline.so.8.1)
==219333==    by 0x48A7460: rl_read_key (in /usr/lib/x86_64-linux-gnu/libreadline.so.8.1)
==219333==    by 0x488BC86: readline_internal_char (in /usr/lib/x86_64-linux-gnu/libreadline.so.8.1)
==219333==    by 0x4894D14: readline (in /usr/lib/x86_64-linux-gnu/libreadline.so.8.1)
==219333==    by 0x404FE6: main (test.c:16)
==219333== 
==219333== 120 bytes in 5 blocks are possibly lost in loss record 33 of 88
==219333==    at 0x4848899: malloc (in /usr/libexec/valgrind/vgpreload_memcheck-amd64-linux.so)
==219333==    by 0x49E6F9E: tsearch (tsearch.c:337)
==219333==    by 0x490C06A: __add_to_environ (setenv.c:233)
==219333==    by 0x48543FF: setenv (in /usr/libexec/valgrind/vgpreload_memcheck-amd64-linux.so)
==219333==    by 0x48AC005: sh_set_lines_and_columns (in /usr/lib/x86_64-linux-gnu/libreadline.so.8.1)
==219333==    by 0x48A6AF7: _rl_get_screen_size (in /usr/lib/x86_64-linux-gnu/libreadline.so.8.1)
==219333==    by 0x48A6DD2: rl_resize_terminal (in /usr/lib/x86_64-linux-gnu/libreadline.so.8.1)
==219333==    by 0x48A6F77: _rl_signal_handler (in /usr/lib/x86_64-linux-gnu/libreadline.so.8.1)
==219333==    by 0x48A7BEC: rl_getc (in /usr/lib/x86_64-linux-gnu/libreadline.so.8.1)
==219333==    by 0x48A7460: rl_read_key (in /usr/lib/x86_64-linux-gnu/libreadline.so.8.1)
==219333==    by 0x488BC86: readline_internal_char (in /usr/lib/x86_64-linux-gnu/libreadline.so.8.1)
==219333==    by 0x4894D14: readline (in /usr/lib/x86_64-linux-gnu/libreadline.so.8.1)
==219333== 
==219333== 1,111 bytes in 78 blocks are still reachable in loss record 56 of 88
==219333==    at 0x4848899: malloc (in /usr/libexec/valgrind/vgpreload_memcheck-amd64-linux.so)
==219333==    by 0x40770D: ft_calloc (in /home/beysonme/Desktop/buradabidursun/minishell)
==219333==    by 0x4071D1: ft_substr (in /home/beysonme/Desktop/buradabidursun/minishell)
==219333==    by 0x406290: parse_env (env.c:37)
==219333==    by 0x4061BD: init_env (env.c:60)
==219333==    by 0x404FD2: main (test.c:12)
==219333== 
==219333== 2,496 bytes in 78 blocks are still reachable in loss record 61 of 88
==219333==    at 0x4848899: malloc (in /usr/libexec/valgrind/vgpreload_memcheck-amd64-linux.so)
==219333==    by 0x406219: parse_env (env.c:31)
==219333==    by 0x4061BD: init_env (env.c:60)
==219333==    by 0x404FD2: main (test.c:12)
==219333== 
==219333== 3,222 bytes in 78 blocks are still reachable in loss record 62 of 88
==219333==    at 0x4848899: malloc (in /usr/libexec/valgrind/vgpreload_memcheck-amd64-linux.so)
==219333==    by 0x40762E: ft_strdup (in /home/beysonme/Desktop/buradabidursun/minishell)
==219333==    by 0x4062C0: parse_env (env.c:39)
==219333==    by 0x4061BD: init_env (env.c:60)
==219333==    by 0x404FD2: main (test.c:12)
==219333== 
==219333== LEAK SUMMARY:
==219333==    definitely lost: 14 bytes in 4 blocks
==219333==    indirectly lost: 0 bytes in 0 blocks
==219333==      possibly lost: 187 bytes in 11 blocks
==219333==    still reachable: 6,829 bytes in 234 blocks
==219333==         suppressed: 215,283 bytes in 300 blocks
==219333== 
==219333== ERROR SUMMARY: 4 errors from 4 contexts (suppressed: 0 from 0)
--219333-- 
--219333-- used_suppression:     77 readline valgrind.supp:2 suppressed: 211,109 bytes in 287 blocks
--219333-- used_suppression:      4 add_history valgrind.supp:10 suppressed: 4,174 bytes in 13 blocks
==219333== 
==219333== ERROR SUMMARY: 4 errors from 4 contexts (suppressed: 0 from 0)
